This is pdfTeX, Version 3.14159265-2.6-1.40.21 (TeX Live 2020) (preloaded format=pdflatex 2020.4.7)  29 OCT 2021 13:25
entering extended mode
 restricted \write18 enabled.
 %&-line parsing enabled.
**CSCI5561_hw2.tex
(./CSCI5561_hw2.tex
LaTeX2e <2020-02-02> patch level 5
L3 programming layer <2020-03-06>
(/usr/local/texlive/2020/texmf-dist/tex/latex/koma-script/scrartcl.cls
Document Class: scrartcl 2020/01/24 v3.29 KOMA-Script document class (article)
(/usr/local/texlive/2020/texmf-dist/tex/latex/koma-script/scrkbase.sty
Package: scrkbase 2020/01/24 v3.29 KOMA-Script package (KOMA-Script-dependent b
asics and keyval usage)

(/usr/local/texlive/2020/texmf-dist/tex/latex/koma-script/scrbase.sty
Package: scrbase 2020/01/24 v3.29 KOMA-Script package (KOMA-Script-independent 
basics and keyval usage)

(/usr/local/texlive/2020/texmf-dist/tex/latex/graphics/keyval.sty
Package: keyval 2014/10/28 v1.15 key=value parser (DPC)
\KV@toks@=\toks15
)
(/usr/local/texlive/2020/texmf-dist/tex/latex/koma-script/scrlfile.sty
Package: scrlfile 2020/01/24 v3.29 KOMA-Script package (loading files)
)))
(/usr/local/texlive/2020/texmf-dist/tex/latex/koma-script/tocbasic.sty
Package: tocbasic 2020/01/24 v3.29 KOMA-Script package (handling toc-files)
\scr@dte@tocline@numberwidth=\skip47
\scr@dte@tocline@numbox=\box45
)
Package tocbasic Info: omitting babel extension for `toc'
(tocbasic)             because of feature `nobabel' available
(tocbasic)             for `toc' on input line 137.
Package scrartcl Info: You've used standard option `11pt'.
(scrartcl)             This is correct!
(scrartcl)             Internally I'm using `fontsize=11pt'.
(scrartcl)             If you'd like to set the option with \KOMAoptions,
(scrartcl)             you'd have to use `fontsize=11pt' there
(scrartcl)             instead of `11pt', too.
Class scrartcl Info: File `scrsize11pt.clo' used to setup font sizes on input l
ine 2212.

(/usr/local/texlive/2020/texmf-dist/tex/latex/koma-script/scrsize11pt.clo
File: scrsize11pt.clo 2020/01/24 v3.29 KOMA-Script font size class option (11pt
)
)
(/usr/local/texlive/2020/texmf-dist/tex/latex/koma-script/typearea.sty
Package: typearea 2020/01/24 v3.29 KOMA-Script package (type area)
\ta@bcor=\skip48
\ta@div=\count167
\ta@hblk=\skip49
\ta@vblk=\skip50
\ta@temp=\skip51
\footheight=\skip52
Package typearea Info: These are the values describing the layout:
(typearea)             DIV  = 10
(typearea)             BCOR = 0.0pt
(typearea)             \paperwidth      = 597.50793pt
(typearea)              \textwidth      = 418.25555pt
(typearea)              DIV departure   = -6%
(typearea)              \evensidemargin = 17.3562pt
(typearea)              \oddsidemargin  = 17.3562pt
(typearea)             \paperheight     = 845.04694pt
(typearea)              \textheight     = 595.80026pt
(typearea)              \topmargin      = -25.16531pt
(typearea)              \headheight     = 17.0pt
(typearea)              \headsep        = 20.40001pt
(typearea)              \topskip        = 11.0pt
(typearea)              \footskip       = 47.6pt
(typearea)              \baselineskip   = 13.6pt
(typearea)              on input line 1719.
)
\c@part=\count168
\c@section=\count169
\c@subsection=\count170
\c@subsubsection=\count171
\c@paragraph=\count172
\c@subparagraph=\count173
\scr@dte@section@maxnumwidth=\skip53
Class scrartcl Info: using compatibility default `runin=bysign'
(scrartcl)           for `\section on input line 4723.
Class scrartcl Info: using compatibility default `afterindent=bysign'
(scrartcl)           for `\section on input line 4723.
\scr@dte@part@maxnumwidth=\skip54
Class scrartcl Info: using compatibility default `afterindent=false'
(scrartcl)           for `\part on input line 4731.
\scr@dte@subsection@maxnumwidth=\skip55
Class scrartcl Info: using compatibility default `runin=bysign'
(scrartcl)           for `\subsection on input line 4741.
Class scrartcl Info: using compatibility default `afterindent=bysign'
(scrartcl)           for `\subsection on input line 4741.
\scr@dte@subsubsection@maxnumwidth=\skip56
Class scrartcl Info: using compatibility default `runin=bysign'
(scrartcl)           for `\subsubsection on input line 4751.
Class scrartcl Info: using compatibility default `afterindent=bysign'
(scrartcl)           for `\subsubsection on input line 4751.
\scr@dte@paragraph@maxnumwidth=\skip57
Class scrartcl Info: using compatibility default `runin=bysign'
(scrartcl)           for `\paragraph on input line 4761.
Class scrartcl Info: using compatibility default `afterindent=bysign'
(scrartcl)           for `\paragraph on input line 4761.
\scr@dte@subparagraph@maxnumwidth=\skip58
Class scrartcl Info: using compatibility default `runin=bysign'
(scrartcl)           for `\subparagraph on input line 4771.
Class scrartcl Info: using compatibility default `afterindent=bysign'
(scrartcl)           for `\subparagraph on input line 4771.
\abovecaptionskip=\skip59
\belowcaptionskip=\skip60
\c@pti@nb@sid@b@x=\box46
Package tocbasic Info: omitting babel extension for `lof'
(tocbasic)             because of feature `nobabel' available
(tocbasic)             for `lof' on input line 6002.
\scr@dte@figure@maxnumwidth=\skip61
\c@figure=\count174
Package tocbasic Info: omitting babel extension for `lot'
(tocbasic)             because of feature `nobabel' available
(tocbasic)             for `lot' on input line 6014.
\scr@dte@table@maxnumwidth=\skip62
\c@table=\count175
Class scrartcl Info: Redefining `\numberline' on input line 6178.
\bibindent=\dimen134
)
(/usr/local/texlive/2020/texmf-dist/tex/latex/base/inputenc.sty
Package: inputenc 2018/08/11 v1.3c Input encoding file
\inpenc@prehook=\toks16
\inpenc@posthook=\toks17
)
(/usr/local/texlive/2020/texmf-dist/tex/latex/enumitem/enumitem.sty
Package: enumitem 2019/06/20 v3.9 Customized lists
\labelindent=\skip63
\enit@outerparindent=\dimen135
\enit@toks=\toks18
\enit@inbox=\box47
\enit@count@id=\count176
\enitdp@description=\count177
)
(/usr/local/texlive/2020/texmf-dist/tex/latex/amsfonts/amsfonts.sty
Package: amsfonts 2013/01/14 v3.01 Basic AMSFonts support
\@emptytoks=\toks19
\symAMSa=\mathgroup4
\symAMSb=\mathgroup5
LaTeX Font Info:    Redeclaring math symbol \hbar on input line 98.
LaTeX Font Info:    Overwriting math alphabet `\mathfrak' in version `bold'
(Font)                  U/euf/m/n --> U/euf/b/n on input line 106.
)
(/usr/local/texlive/2020/texmf-dist/tex/latex/bbm-macros/bbm.sty
Package: bbm 1999/03/15 V 1.2 provides fonts for set symbols - TH
LaTeX Font Info:    Overwriting math alphabet `\mathbbm' in version `bold'
(Font)                  U/bbm/m/n --> U/bbm/bx/n on input line 33.
LaTeX Font Info:    Overwriting math alphabet `\mathbbmss' in version `bold'
(Font)                  U/bbmss/m/n --> U/bbmss/bx/n on input line 35.
)
(/usr/local/texlive/2020/texmf-dist/tex/latex/newtx/newtxmath.sty
Package: newtxmath 2020/03/02 v1.625

`newtxmath' v1.625, 2020/03/02 Math macros based originally on txfonts (msharpe
) (/usr/local/texlive/2020/texmf-dist/tex/latex/amsmath/amsmath.sty
Package: amsmath 2020/01/20 v2.17e AMS math features
\@mathmargin=\skip64

For additional information on amsmath, use the `?' option.
(/usr/local/texlive/2020/texmf-dist/tex/latex/amsmath/amstext.sty
Package: amstext 2000/06/29 v2.01 AMS text

(/usr/local/texlive/2020/texmf-dist/tex/latex/amsmath/amsgen.sty
File: amsgen.sty 1999/11/30 v2.0 generic functions
\@emptytoks=\toks20
\ex@=\dimen136
))
(/usr/local/texlive/2020/texmf-dist/tex/latex/amsmath/amsbsy.sty
Package: amsbsy 1999/11/29 v1.2d Bold Symbols
\pmbraise@=\dimen137
)
(/usr/local/texlive/2020/texmf-dist/tex/latex/amsmath/amsopn.sty
Package: amsopn 2016/03/08 v2.02 operator names
)
\inf@bad=\count178
LaTeX Info: Redefining \frac on input line 227.
\uproot@=\count179
\leftroot@=\count180
LaTeX Info: Redefining \overline on input line 389.
\classnum@=\count181
\DOTSCASE@=\count182
LaTeX Info: Redefining \ldots on input line 486.
LaTeX Info: Redefining \dots on input line 489.
LaTeX Info: Redefining \cdots on input line 610.
\Mathstrutbox@=\box48
\strutbox@=\box49
\big@size=\dimen138
LaTeX Font Info:    Redeclaring font encoding OML on input line 733.
LaTeX Font Info:    Redeclaring font encoding OMS on input line 734.
\macc@depth=\count183
\c@MaxMatrixCols=\count184
\dotsspace@=\muskip16
\c@parentequation=\count185
\dspbrk@lvl=\count186
\tag@help=\toks21
\row@=\count187
\column@=\count188
\maxfields@=\count189
\andhelp@=\toks22
\eqnshift@=\dimen139
\alignsep@=\dimen140
\tagshift@=\dimen141
\tagwidth@=\dimen142
\totwidth@=\dimen143
\lineht@=\dimen144
\@envbody=\toks23
\multlinegap=\skip65
\multlinetaggap=\skip66
\mathdisplay@stack=\toks24
LaTeX Info: Redefining \[ on input line 2859.
LaTeX Info: Redefining \] on input line 2860.
)
(/usr/local/texlive/2020/texmf-dist/tex/latex/etoolbox/etoolbox.sty
Package: etoolbox 2019/09/21 v2.5h e-TeX tools for LaTeX (JAW)
\etb@tempcnta=\count190
)
(/usr/local/texlive/2020/texmf-dist/tex/generic/iftex/ifxetex.sty
Package: ifxetex 2019/10/25 v0.7 ifxetex legacy package. Use iftex instead.

(/usr/local/texlive/2020/texmf-dist/tex/generic/iftex/iftex.sty
Package: iftex 2020/03/06 v1.0d TeX engine tests
))
(/usr/local/texlive/2020/texmf-dist/tex/generic/iftex/ifluatex.sty
Package: ifluatex 2019/10/25 v1.5 ifluatex legacy package. Use iftex instead.
)
(/usr/local/texlive/2020/texmf-dist/tex/latex/xkeyval/xkeyval.sty
Package: xkeyval 2014/12/03 v2.7a package option processing (HA)

(/usr/local/texlive/2020/texmf-dist/tex/generic/xkeyval/xkeyval.tex
(/usr/local/texlive/2020/texmf-dist/tex/generic/xkeyval/xkvutils.tex
\XKV@toks=\toks25
\XKV@tempa@toks=\toks26
)
\XKV@depth=\count191
File: xkeyval.tex 2014/12/03 v2.7a key=value parser (HA)
))
(/usr/local/texlive/2020/texmf-dist/tex/latex/oberdiek/centernot.sty
Package: centernot 2016/05/16 v1.4 Centers the not symbol horizontally (HO)
)
\tx@cntz=\count192

(/usr/local/texlive/2020/texmf-dist/tex/generic/kastrup/binhex.tex)
\tx@Isdigit=\count193
\tx@IsAlNum=\count194
\tx@tA=\toks27
\tx@tB=\toks28
\tx@su=\read2
LaTeX Font Info:    Redeclaring symbol font `operators' on input line 317.
LaTeX Font Info:    Overwriting symbol font `operators' in version `normal'
(Font)                  OT1/cmr/m/n --> OT1/cmr/m/n on input line 317.
LaTeX Font Info:    Overwriting symbol font `operators' in version `bold'
(Font)                  OT1/cmr/bx/n --> OT1/cmr/m/n on input line 317.
LaTeX Font Info:    Overwriting symbol font `operators' in version `bold'
(Font)                  OT1/cmr/m/n --> OT1/cmr/b/n on input line 318.
LaTeX Font Info:    Redeclaring math alphabet \mathsf on input line 326.
LaTeX Font Info:    Overwriting math alphabet `\mathsf' in version `normal'
(Font)                  OT1/cmss/m/n --> OT1/cmss/m/n on input line 326.
LaTeX Font Info:    Overwriting math alphabet `\mathsf' in version `bold'
(Font)                  OT1/cmss/bx/n --> OT1/cmss/m/n on input line 326.
LaTeX Font Info:    Redeclaring math alphabet \mathit on input line 327.
LaTeX Font Info:    Overwriting math alphabet `\mathit' in version `normal'
(Font)                  OT1/cmr/m/it --> OT1/cmr/m/it on input line 327.
LaTeX Font Info:    Overwriting math alphabet `\mathit' in version `bold'
(Font)                  OT1/cmr/bx/it --> OT1/cmr/m/it on input line 327.
LaTeX Font Info:    Redeclaring math alphabet \mathtt on input line 328.
LaTeX Font Info:    Overwriting math alphabet `\mathtt' in version `normal'
(Font)                  OT1/cmtt/m/n --> OT1/cmtt/m/n on input line 328.
LaTeX Font Info:    Overwriting math alphabet `\mathtt' in version `bold'
(Font)                  OT1/cmtt/m/n --> OT1/cmtt/m/n on input line 328.
LaTeX Font Info:    Redeclaring math alphabet \mathbf on input line 330.
LaTeX Font Info:    Overwriting math alphabet `\mathbf' in version `normal'
(Font)                  OT1/cmr/bx/n --> OT1/cmr/b/n on input line 330.
LaTeX Font Info:    Overwriting math alphabet `\mathbf' in version `bold'
(Font)                  OT1/cmr/bx/n --> OT1/cmr/b/n on input line 330.
LaTeX Font Info:    Overwriting math alphabet `\mathit' in version `bold'
(Font)                  OT1/cmr/m/it --> OT1/cmr/b/it on input line 331.
LaTeX Font Info:    Overwriting math alphabet `\mathsf' in version `bold'
(Font)                  OT1/cmss/m/n --> OT1/cmss/b/n on input line 332.
LaTeX Font Info:    Overwriting math alphabet `\mathtt' in version `bold'
(Font)                  OT1/cmtt/m/n --> OT1/cmtt/b/n on input line 333.
LaTeX Font Info:    Redeclaring symbol font `letters' on input line 422.
LaTeX Font Info:    Overwriting symbol font `letters' in version `normal'
(Font)                  OML/cmm/m/it --> OML/ntxmi/m/it on input line 422.
LaTeX Font Info:    Overwriting symbol font `letters' in version `bold'
(Font)                  OML/cmm/b/it --> OML/ntxmi/m/it on input line 422.
LaTeX Font Info:    Overwriting symbol font `letters' in version `bold'
(Font)                  OML/ntxmi/m/it --> OML/ntxmi/b/it on input line 423.
\symlettersA=\mathgroup6
LaTeX Font Info:    Overwriting symbol font `lettersA' in version `bold'
(Font)                  U/ntxmia/m/it --> U/ntxmia/b/it on input line 476.
LaTeX Font Info:    Redeclaring math alphabet \mathfrak on input line 478.
Now handling font encoding LMS ...
... no UTF-8 mapping file for font encoding LMS
LaTeX Font Info:    Redeclaring symbol font `symbols' on input line 497.
LaTeX Font Info:    Encoding `OMS' has changed to `LMS' for symbol font
(Font)              `symbols' in the math version `normal' on input line 497.
LaTeX Font Info:    Overwriting symbol font `symbols' in version `normal'
(Font)                  OMS/cmsy/m/n --> LMS/ntxsy/m/n on input line 497.
LaTeX Font Info:    Encoding `OMS' has changed to `LMS' for symbol font
(Font)              `symbols' in the math version `bold' on input line 497.
LaTeX Font Info:    Overwriting symbol font `symbols' in version `bold'
(Font)                  OMS/cmsy/b/n --> LMS/ntxsy/m/n on input line 497.
LaTeX Font Info:    Overwriting symbol font `symbols' in version `bold'
(Font)                  LMS/ntxsy/m/n --> LMS/ntxsy/b/n on input line 498.
\symAMSm=\mathgroup7
LaTeX Font Info:    Overwriting symbol font `AMSm' in version `bold'
(Font)                  U/ntxsym/m/n --> U/ntxsym/b/n on input line 521.
\symsymbolsC=\mathgroup8
LaTeX Font Info:    Overwriting symbol font `symbolsC' in version `bold'
(Font)                  U/ntxsyc/m/n --> U/ntxsyc/b/n on input line 542.
Now handling font encoding LMX ...
... no UTF-8 mapping file for font encoding LMX
LaTeX Font Info:    Redeclaring symbol font `largesymbols' on input line 555.
LaTeX Font Info:    Encoding `OMX' has changed to `LMX' for symbol font
(Font)              `largesymbols' in the math version `normal' on input line 5
55.
LaTeX Font Info:    Overwriting symbol font `largesymbols' in version `normal'
(Font)                  OMX/cmex/m/n --> LMX/ntxexx/m/n on input line 555.
LaTeX Font Info:    Encoding `OMX' has changed to `LMX' for symbol font
(Font)              `largesymbols' in the math version `bold' on input line 555
.
LaTeX Font Info:    Overwriting symbol font `largesymbols' in version `bold'
(Font)                  OMX/cmex/m/n --> LMX/ntxexx/m/n on input line 555.
LaTeX Font Info:    Overwriting symbol font `largesymbols' in version `bold'
(Font)                  LMX/ntxexx/m/n --> LMX/ntxexx/b/n on input line 556.
\symlargesymbolsTXA=\mathgroup9
LaTeX Font Info:    Overwriting symbol font `largesymbolsTXA' in version `bold'

(Font)                  U/ntxexa/m/n --> U/ntxexa/b/n on input line 570.
\tx@sbptoks=\toks29
LaTeX Font Info:    Redeclaring math delimiter \lfloor on input line 792.
LaTeX Font Info:    Redeclaring math delimiter \rfloor on input line 793.
LaTeX Font Info:    Redeclaring math delimiter \lceil on input line 794.
LaTeX Font Info:    Redeclaring math delimiter \rceil on input line 795.
LaTeX Font Info:    Redeclaring math delimiter \lbrace on input line 796.
LaTeX Font Info:    Redeclaring math delimiter \rbrace on input line 797.
LaTeX Font Info:    Redeclaring math delimiter \langle on input line 798.
LaTeX Font Info:    Redeclaring math delimiter \rangle on input line 800.
LaTeX Font Info:    Redeclaring math delimiter \arrowvert on input line 804.
LaTeX Font Info:    Redeclaring math delimiter \vert on input line 805.
LaTeX Font Info:    Redeclaring math accent \dot on input line 876.
LaTeX Font Info:    Redeclaring math accent \ddot on input line 877.
LaTeX Font Info:    Redeclaring math accent \vec on input line 1940.
\ntx@numstart=\count195
\ntx@UCstart=\count196
\ntx@lcstart=\count197
\ntx@tmpc=\count198
\ntx@imath=\count199
\ntx@jmath=\count266
LaTeX Info: Redefining \Bbbk on input line 2449.
LaTeX Info: Redefining \not on input line 2598.
)
(/usr/local/texlive/2020/texmf-dist/tex/latex/jknapltx/mathrsfs.sty
Package: mathrsfs 1996/01/01 Math RSFS package v1.0 (jk)
\symrsfs=\mathgroup10
)
(/usr/local/texlive/2020/texmf-dist/tex/latex/tools/bm.sty
Package: bm 2019/07/24 v1.2d Bold Symbol Support (DPC/FMi)
\symboldoperators=\mathgroup11
\symboldletters=\mathgroup12
\symboldsymbols=\mathgroup13
\symboldlargesymbols=\mathgroup14
LaTeX Font Info:    Redeclaring math alphabet \mathbf on input line 141.
LaTeX Info: Redefining \bm on input line 209.
)
(/usr/local/texlive/2020/texmf-dist/tex/latex/graphics/graphicx.sty
Package: graphicx 2019/11/30 v1.2a Enhanced LaTeX Graphics (DPC,SPQR)

(/usr/local/texlive/2020/texmf-dist/tex/latex/graphics/graphics.sty
Package: graphics 2019/11/30 v1.4a Standard LaTeX Graphics (DPC,SPQR)

(/usr/local/texlive/2020/texmf-dist/tex/latex/graphics/trig.sty
Package: trig 2016/01/03 v1.10 sin cos tan (DPC)
)
(/usr/local/texlive/2020/texmf-dist/tex/latex/graphics-cfg/graphics.cfg
File: graphics.cfg 2016/06/04 v1.11 sample graphics configuration
)
Package graphics Info: Driver file: pdftex.def on input line 105.

(/usr/local/texlive/2020/texmf-dist/tex/latex/graphics-def/pdftex.def
File: pdftex.def 2018/01/08 v1.0l Graphics/color driver for pdftex
))
\Gin@req@height=\dimen145
\Gin@req@width=\dimen146
)
(/usr/local/texlive/2020/texmf-dist/tex/latex/epstopdf-pkg/epstopdf.sty
Package: epstopdf 2020-01-24 v2.11 Conversion with epstopdf on the fly (HO)

(/usr/local/texlive/2020/texmf-dist/tex/generic/infwarerr/infwarerr.sty
Package: infwarerr 2019/12/03 v1.5 Providing info/warning/error messages (HO)
)
(/usr/local/texlive/2020/texmf-dist/tex/latex/grfext/grfext.sty
Package: grfext 2019/12/03 v1.3 Manage graphics extensions (HO)

(/usr/local/texlive/2020/texmf-dist/tex/generic/kvdefinekeys/kvdefinekeys.sty
Package: kvdefinekeys 2019-12-19 v1.6 Define keys (HO)
)) (/usr/local/texlive/2020/texmf-dist/tex/latex/kvoptions/kvoptions.sty
Package: kvoptions 2019/11/29 v3.13 Key value format for package options (HO)

(/usr/local/texlive/2020/texmf-dist/tex/generic/ltxcmds/ltxcmds.sty
Package: ltxcmds 2019/12/15 v1.24 LaTeX kernel commands for general use (HO)
)
(/usr/local/texlive/2020/texmf-dist/tex/generic/kvsetkeys/kvsetkeys.sty
Package: kvsetkeys 2019/12/15 v1.18 Key value parser (HO)
))
(/usr/local/texlive/2020/texmf-dist/tex/latex/pdftexcmds/pdftexcmds.sty
Package: pdftexcmds 2019/11/24 v0.31 Utility functions of pdfTeX for LuaTeX (HO
)
Package pdftexcmds Info: \pdf@primitive is available.
Package pdftexcmds Info: \pdf@ifprimitive is available.
Package pdftexcmds Info: \pdfdraftmode found.
)
(/usr/local/texlive/2020/texmf-dist/tex/latex/epstopdf-pkg/epstopdf-base.sty
Package: epstopdf-base 2020-01-24 v2.11 Base part for package epstopdf
Package epstopdf-base Info: Redefining graphics rule for `.eps' on input line 4
85.
Package grfext Info: Graphics extension search list:
(grfext)             [.pdf,.png,.jpg,.mps,.jpeg,.jbig2,.jb2,.PDF,.PNG,.JPG,.JPE
G,.JBIG2,.JB2,.eps]
(grfext)             \AppendGraphicsExtensions on input line 504.

(/usr/local/texlive/2020/texmf-dist/tex/latex/latexconfig/epstopdf-sys.cfg
File: epstopdf-sys.cfg 2010/07/13 v1.3 Configuration of (r)epstopdf for TeX Liv
e
)))
(/usr/local/texlive/2020/texmf-dist/tex/latex/caption/caption.sty
Package: caption 2020/01/03 v3.4h Customizing captions (AR)

(/usr/local/texlive/2020/texmf-dist/tex/latex/caption/caption3.sty
Package: caption3 2020/01/03 v1.8h caption3 kernel (AR)
Package caption3 Info: TeX engine: e-TeX on input line 61.
\captionmargin=\dimen147
\captionmargin@=\dimen148
\captionwidth=\dimen149
\caption@tempdima=\dimen150
\caption@indent=\dimen151
\caption@parindent=\dimen152
\caption@hangindent=\dimen153
Package caption Info: KOMA-Script document class detected.
)
Package caption Info: KOMA-Script document class.
\c@caption@flags=\count267
\c@continuedfloat=\count268
)
(/usr/local/texlive/2020/texmf-dist/tex/latex/float/float.sty
Package: float 2001/11/08 v1.3d Float enhancements (AL)
\c@float@type=\count269
\float@exts=\toks30
\float@box=\box50
\@float@everytoks=\toks31
\@floatcapt=\box51
)
(/usr/local/texlive/2020/texmf-dist/tex/latex/caption/subcaption.sty
Package: subcaption 2020/01/22 v1.3d Sub-captions (AR)
\c@subfigure=\count270
\c@subtable=\count271
)
(/usr/local/texlive/2020/texmf-dist/tex/latex/setspace/setspace.sty
Package: setspace 2011/12/19 v6.7a set line spacing
)
(/usr/local/texlive/2020/texmf-dist/tex/latex/booktabs/booktabs.sty
Package: booktabs 2020/01/12 v1.61803398 Publication quality tables
\heavyrulewidth=\dimen154
\lightrulewidth=\dimen155
\cmidrulewidth=\dimen156
\belowrulesep=\dimen157
\belowbottomsep=\dimen158
\aboverulesep=\dimen159
\abovetopsep=\dimen160
\cmidrulesep=\dimen161
\cmidrulekern=\dimen162
\defaultaddspace=\dimen163
\@cmidla=\count272
\@cmidlb=\count273
\@aboverulesep=\dimen164
\@belowrulesep=\dimen165
\@thisruleclass=\count274
\@lastruleclass=\count275
\@thisrulewidth=\dimen166
)
(/usr/local/texlive/2020/texmf-dist/tex/latex/multirow/multirow.sty
Package: multirow 2019/05/31 v2.5 Span multiple rows of a table
\multirow@colwidth=\skip67
\multirow@cntb=\count276
\multirow@dima=\skip68
\bigstrutjot=\dimen167
)
(/usr/local/texlive/2020/texmf-dist/tex/latex/supertabular/supertabular.sty
Package: supertabular 2020/02/02 v4.1g the supertabular environment
\c@tracingst=\count277
\ST@wd=\dimen168
\ST@rightskip=\skip69
\ST@leftskip=\skip70
\ST@parfillskip=\skip71
\ST@pageleft=\dimen169
\ST@headht=\dimen170
\ST@tailht=\dimen171
\ST@pagesofar=\dimen172
\ST@pboxht=\dimen173
\ST@lineht=\dimen174
\ST@prevht=\dimen175
\ST@toadd=\dimen176
\ST@dimen=\dimen177
\ST@pbox=\box52
)
(/usr/local/texlive/2020/texmf-dist/tex/latex/graphics/lscape.sty
Package: lscape 2000/10/22 v3.01 Landscape Pages (DPC)
)
(/usr/local/texlive/2020/texmf-dist/tex/latex/threeparttable/threeparttable.sty
Package: threeparttable 2003/06/13  v 3.0
\@tempboxb=\box53
) (/usr/local/texlive/2020/texmf-dist/tex/latex/colortbl/colortbl.sty
Package: colortbl 2020/01/04 v1.0e Color table columns (DPC)

(/usr/local/texlive/2020/texmf-dist/tex/latex/tools/array.sty
Package: array 2019/08/31 v2.4l Tabular extension package (FMi)
\col@sep=\dimen178
\ar@mcellbox=\box54
\extrarowheight=\dimen179
\NC@list=\toks32
\extratabsurround=\skip72
\backup@length=\skip73
\ar@cellbox=\box55
)
(/usr/local/texlive/2020/texmf-dist/tex/latex/graphics/color.sty
Package: color 2019/11/23 v1.2a Standard LaTeX Color (DPC)

(/usr/local/texlive/2020/texmf-dist/tex/latex/graphics-cfg/color.cfg
File: color.cfg 2016/01/02 v1.6 sample color configuration
)
Package color Info: Driver file: pdftex.def on input line 147.
)
\everycr=\toks33
\minrowclearance=\skip74
)
(/usr/local/texlive/2020/texmf-dist/tex/latex/placeins/placeins.sty
Package: placeins 2005/04/18  v 2.2
)
(/usr/local/texlive/2020/texmf-dist/tex/latex/tools/indentfirst.sty
Package: indentfirst 1995/11/23 v1.03 Indent first paragraph (DPC)
)
(/usr/local/texlive/2020/texmf-dist/tex/latex/geometry/geometry.sty
Package: geometry 2020/01/02 v5.9 Page Geometry

(/usr/local/texlive/2020/texmf-dist/tex/generic/iftex/ifvtex.sty
Package: ifvtex 2019/10/25 v1.7 ifvtex legacy package. Use iftex instead.
)
\Gm@cnth=\count278
\Gm@cntv=\count279
\c@Gm@tempcnt=\count280
\Gm@bindingoffset=\dimen180
\Gm@wd@mp=\dimen181
\Gm@odd@mp=\dimen182
\Gm@even@mp=\dimen183
\Gm@layoutwidth=\dimen184
\Gm@layoutheight=\dimen185
\Gm@layouthoffset=\dimen186
\Gm@layoutvoffset=\dimen187
\Gm@dimlist=\toks34
)
(/usr/local/texlive/2020/texmf-dist/tex/latex/preprint/authblk.sty
Package: authblk 2001/02/27 1.3 (PWD)
\affilsep=\skip75
\@affilsep=\skip76
\c@Maxaffil=\count281
\c@authors=\count282
\c@affil=\count283
)
(/usr/local/texlive/2020/texmf-dist/tex/latex/lipsum/lipsum.sty
(/usr/local/texlive/2020/texmf-dist/tex/latex/l3kernel/expl3.sty
Package: expl3 2020-03-06 L3 programming layer (loader) 

(/usr/local/texlive/2020/texmf-dist/tex/latex/l3backend/l3backend-pdfmode.def
File: l3backend-pdfmode.def 2020-03-12 L3 backend support: PDF mode
\l__kernel_color_stack_int=\count284
\l__pdf_internal_box=\box56
)) (/usr/local/texlive/2020/texmf-dist/tex/latex/l3packages/xparse/xparse.sty
Package: xparse 2020-03-06 L3 Experimental document command parser
\l__xparse_current_arg_int=\count285
\g__xparse_grabber_int=\count286
\l__xparse_m_args_int=\count287
\l__xparse_v_nesting_int=\count288
)
Package: lipsum 2019/01/02 v2.2 150 paragraphs of Lorem Ipsum dummy text

(/usr/local/texlive/2020/texmf-dist/tex/latex/lipsum/lipsum.ltd.tex
File: lipsum.ltd.tex 2019/01/02 v2.2 The Lorem ipsum dummy text
))

Class scrartcl Warning: Usage of package `fancyhdr' together
(scrartcl)              with a KOMA-Script class is not recommended.
(scrartcl)              I'd suggest to use 
(scrartcl)              package `scrlayer' or `scrlayer-scrpage', because
(scrartcl)              they support KOMA-Script classes.
(scrartcl)              With `fancyhdr' several features of class `scrartcl'
(scrartcl)              like options `headsepline', `footsepline' or command
(scrartcl)              `\MakeMarkcase' and the commands `\setkomafont' and
(scrartcl)              `\addtokomafont' for the page style elements need
(scrartcl)              explicite user intervention to work.
(scrartcl)              Nevertheless, using requested
(scrartcl)              package `fancyhdr' on input line 22.

(/usr/local/texlive/2020/texmf-dist/tex/latex/fancyhdr/fancyhdr.sty
Package: fancyhdr 2019/01/31 v3.10 Extensive control of page headers and footer
s
\f@nch@headwidth=\skip77
\f@nch@O@elh=\skip78
\f@nch@O@erh=\skip79
\f@nch@O@olh=\skip80
\f@nch@O@orh=\skip81
\f@nch@O@elf=\skip82
\f@nch@O@erf=\skip83
\f@nch@O@olf=\skip84
\f@nch@O@orf=\skip85
)
(/usr/local/texlive/2020/texmf-dist/tex/latex/xcolor/xcolor.sty
Package: xcolor 2016/05/11 v2.12 LaTeX color extensions (UK)

(/usr/local/texlive/2020/texmf-dist/tex/latex/graphics-cfg/color.cfg
File: color.cfg 2016/01/02 v1.6 sample color configuration
)
Package xcolor Info: Driver file: pdftex.def on input line 225.
LaTeX Info: Redefining \color on input line 709.
Package xcolor Info: Model `cmy' substituted by `cmy0' on input line 1348.
Package xcolor Info: Model `hsb' substituted by `rgb' on input line 1352.
Package xcolor Info: Model `RGB' extended on input line 1364.
Package xcolor Info: Model `HTML' substituted by `rgb' on input line 1366.
Package xcolor Info: Model `Hsb' substituted by `hsb' on input line 1367.
Package xcolor Info: Model `tHsb' substituted by `hsb' on input line 1368.
Package xcolor Info: Model `HSB' substituted by `hsb' on input line 1369.
Package xcolor Info: Model `Gray' substituted by `gray' on input line 1370.
Package xcolor Info: Model `wave' substituted by `hsb' on input line 1371.

(/usr/local/texlive/2020/texmf-dist/tex/latex/xcolor/svgnam.def
File: svgnam.def 2016/05/11 v2.12 Predefined colors according to SVG 1.1 (UK)
))
(/usr/local/texlive/2020/texmf-dist/tex/latex/listings/listings.sty
\lst@mode=\count289
\lst@gtempboxa=\box57
\lst@token=\toks35
\lst@length=\count290
\lst@currlwidth=\dimen188
\lst@column=\count291
\lst@pos=\count292
\lst@lostspace=\dimen189
\lst@width=\dimen190
\lst@newlines=\count293
\lst@lineno=\count294
\lst@maxwidth=\dimen191

(/usr/local/texlive/2020/texmf-dist/tex/latex/listings/lstmisc.sty
File: lstmisc.sty 2020/03/24 1.8d (Carsten Heinz)
\c@lstnumber=\count295
\lst@skipnumbers=\count296
\lst@framebox=\box58
)
(/usr/local/texlive/2020/texmf-dist/tex/latex/listings/listings.cfg
File: listings.cfg 2020/03/24 1.8d listings configuration
))
Package: listings 2020/03/24 1.8d (Carsten Heinz)

(/usr/local/texlive/2020/texmf-dist/tex/latex/tools/verbatim.sty
Package: verbatim 2019/11/10 v1.5r LaTeX2e package for verbatim enhancements
\every@verbatim=\toks36
\verbatim@line=\toks37
\verbatim@in@stream=\read3
)
(/usr/local/texlive/2020/texmf-dist/tex/latex/natbib/natbib.sty
Package: natbib 2010/09/13 8.31b (PWD, AO)
\bibhang=\skip86
\bibsep=\skip87
LaTeX Info: Redefining \cite on input line 694.
\c@NAT@ctr=\count297
)
(/usr/local/texlive/2020/texmf-dist/tex/latex/listings/lstlang1.sty
File: lstlang1.sty 2020/03/24 1.8d listings language file
)
(/usr/local/texlive/2020/texmf-dist/tex/latex/listings/lstlang2.sty
File: lstlang2.sty 2020/03/24 1.8d listings language file
)
(/usr/local/texlive/2020/texmf-dist/tex/latex/listings/lstlang3.sty
File: lstlang3.sty 2020/03/24 1.8d listings language file
)
(./Sweave.sty
Package: Sweave 
 (/usr/local/texlive/2020/texmf-dist/tex/latex/base/ifthen.sty
Package: ifthen 2014/09/29 v1.1c Standard LaTeX ifthen package (DPC)
)
(/usr/local/texlive/2020/texmf-dist/tex/latex/fancyvrb/fancyvrb.sty
Package: fancyvrb 2020/01/13 v3.5 verbatim text (tvz,hv)
\FV@CodeLineNo=\count298
\FV@InFile=\read4
\FV@TabBox=\box59
\c@FancyVerbLine=\count299
\FV@StepNumber=\count300
\FV@OutFile=\write3
)
(/usr/local/texlive/2020/texmf-dist/tex/latex/base/textcomp.sty
Package: textcomp 2020/02/02 v2.0n Standard LaTeX package
)
(/usr/local/texlive/2020/texmf-dist/tex/latex/base/fontenc.sty
Package: fontenc 2020/02/11 v2.0o Standard LaTeX package
)
(/usr/local/texlive/2020/texmf-dist/tex/latex/ae/ae.sty
Package: ae 2001/02/12 1.3 Almost European Computer Modern

(/usr/local/texlive/2020/texmf-dist/tex/latex/base/fontenc.sty
Package: fontenc 2020/02/11 v2.0o Standard LaTeX package
)))
(/usr/local/texlive/2020/texmf-dist/tex/latex/blindtext/blindtext.sty
Package: blindtext 2012/01/06 V2.0 blindtext-Package

(/usr/local/texlive/2020/texmf-dist/tex/latex/tools/xspace.sty
Package: xspace 2014/10/28 v1.13 Space after command names (DPC,MH)
)
\c@blindtext=\count301
\c@Blindtext=\count302
\c@blind@countparstart=\count303
\blind@countxx=\count304
\blindtext@numBlindtext=\count305
\blind@countyy=\count306
\c@blindlist=\count307
\c@blindlistlevel=\count308
\c@blindlist@level=\count309
\blind@listitem=\count310
\c@blind@listcount=\count311
\c@blind@levelcount=\count312
\blind@mathformula=\count313
\blind@Mathformula=\count314
\c@blind@randomcount=\count315
\c@blind@randommax=\count316
\c@blind@pangramcount=\count317
\c@blind@pangrammax=\count318
)
(/usr/local/texlive/2020/texmf-dist/tex/latex/koma-script/scrextend.sty

Package scrextend Warning: This package was made to extend other classes but
(scrextend)                KOMA-Script classes by some features of the
(scrextend)                KOMA-Script classes.
(scrextend)                It should never be used with a KOMA-Script class.
(scrextend)                Loading of the package will be aborted.

) (/usr/local/texlive/2020/texmf-dist/tex/latex/appendix/appendix.sty
Package: appendix 2020/02/08 v1.2c extra appendix facilities
\c@@pps=\count319
\c@@ppsavesec=\count320
\c@@ppsaveapp=\count321
)
(/usr/local/texlive/2020/texmf-dist/tex/latex/algorithm2e/algorithm2e.sty
Package: algorithm2e 2017/07/18 v5.2 algorithms environments
\c@AlgoLine=\count322
\algocf@hangindent=\skip88

(/usr/local/texlive/2020/texmf-dist/tex/latex/ifoddpage/ifoddpage.sty
Package: ifoddpage 2016/04/23 v1.1 Conditionals for odd/even page detection
\c@checkoddpage=\count323
)
(/usr/local/texlive/2020/texmf-dist/tex/latex/relsize/relsize.sty
Package: relsize 2013/03/29 ver 4.1
)
\skiptotal=\skip89
\skiplinenumber=\skip90
\skiprule=\skip91
\skiphlne=\skip92
\skiptext=\skip93
\skiplength=\skip94
\algomargin=\skip95
\skipalgocfslide=\skip96
\algowidth=\dimen192
\inoutsize=\dimen193
\inoutindent=\dimen194
\interspacetitleruled=\dimen195
\interspacealgoruled=\dimen196
\interspacetitleboxruled=\dimen197
\algocf@ruledwidth=\skip97
\algocf@inoutbox=\box60
\algocf@inputbox=\box61
\AlCapSkip=\skip98
\AlCapHSkip=\skip99
\algoskipindent=\skip100
\algocf@nlbox=\box62
\algocf@hangingbox=\box63
\algocf@untilbox=\box64
\algocf@skipuntil=\skip101
\algocf@capbox=\box65
\algocf@lcaptionbox=\skip102
\algoheightruledefault=\skip103
\algoheightrule=\skip104
\algotitleheightruledefault=\skip105
\algotitleheightrule=\skip106
\c@algocfline=\count324
\c@algocfproc=\count325
\c@algocf=\count326
\algocf@algoframe=\box66
\algocf@algobox=\box67
)
(/usr/local/texlive/2020/texmf-dist/tex/latex/algorithmicx/algpseudocode.sty
Package: algpseudocode 

(/usr/local/texlive/2020/texmf-dist/tex/latex/algorithmicx/algorithmicx.sty
Package: algorithmicx 2005/04/27 v1.2 Algorithmicx

Document Style algorithmicx 1.2 - a greatly improved `algorithmic' style
\c@ALG@line=\count327
\c@ALG@rem=\count328
\c@ALG@nested=\count329
\ALG@tlm=\skip107
\ALG@thistlm=\skip108
\c@ALG@Lnr=\count330
\c@ALG@blocknr=\count331
\c@ALG@storecount=\count332
\c@ALG@tmpcounter=\count333
\ALG@tmplength=\skip109
)
Document Style - pseudocode environments for use with the `algorithmicx' style
) (/usr/local/texlive/2020/texmf-dist/tex/latex/hyperref/hyperref.sty
Package: hyperref 2020/01/14 v7.00d Hypertext links for LaTeX

(/usr/local/texlive/2020/texmf-dist/tex/generic/pdfescape/pdfescape.sty
Package: pdfescape 2019/12/09 v1.15 Implements pdfTeX's escape features (HO)
)
(/usr/local/texlive/2020/texmf-dist/tex/latex/hycolor/hycolor.sty
Package: hycolor 2020-01-27 v1.10 Color options for hyperref/bookmark (HO)
)
(/usr/local/texlive/2020/texmf-dist/tex/latex/letltxmacro/letltxmacro.sty
Package: letltxmacro 2019/12/03 v1.6 Let assignment for LaTeX macros (HO)
)
(/usr/local/texlive/2020/texmf-dist/tex/latex/auxhook/auxhook.sty
Package: auxhook 2019-12-17 v1.6 Hooks for auxiliary files (HO)
)
\@linkdim=\dimen198
\Hy@linkcounter=\count334
\Hy@pagecounter=\count335

(/usr/local/texlive/2020/texmf-dist/tex/latex/hyperref/pd1enc.def
File: pd1enc.def 2020/01/14 v7.00d Hyperref: PDFDocEncoding definition (HO)
Now handling font encoding PD1 ...
... no UTF-8 mapping file for font encoding PD1
)
(/usr/local/texlive/2020/texmf-dist/tex/generic/intcalc/intcalc.sty
Package: intcalc 2019/12/15 v1.3 Expandable calculations with integers (HO)
)
(/usr/local/texlive/2020/texmf-dist/tex/generic/etexcmds/etexcmds.sty
Package: etexcmds 2019/12/15 v1.7 Avoid name clashes with e-TeX commands (HO)
)
\Hy@SavedSpaceFactor=\count336
Package hyperref Info: Hyper figures OFF on input line 4547.
Package hyperref Info: Link nesting OFF on input line 4552.
Package hyperref Info: Hyper index ON on input line 4555.
Package hyperref Info: Plain pages OFF on input line 4562.
Package hyperref Info: Backreferencing OFF on input line 4567.
Package hyperref Info: Implicit mode ON; LaTeX internals redefined.
Package hyperref Info: Bookmarks ON on input line 4800.
\c@Hy@tempcnt=\count337

(/usr/local/texlive/2020/texmf-dist/tex/latex/url/url.sty
\Urlmuskip=\muskip17
Package: url 2013/09/16  ver 3.4  Verb mode for urls, etc.
)
LaTeX Info: Redefining \url on input line 5159.
\XeTeXLinkMargin=\dimen199

(/usr/local/texlive/2020/texmf-dist/tex/generic/bitset/bitset.sty
Package: bitset 2019/12/09 v1.3 Handle bit-vector datatype (HO)

(/usr/local/texlive/2020/texmf-dist/tex/generic/bigintcalc/bigintcalc.sty
Package: bigintcalc 2019/12/15 v1.5 Expandable calculations on big integers (HO
)
))
\Fld@menulength=\count338
\Field@Width=\dimen256
\Fld@charsize=\dimen257
Package hyperref Info: Hyper figures OFF on input line 6430.
Package hyperref Info: Link nesting OFF on input line 6435.
Package hyperref Info: Hyper index ON on input line 6438.
Package hyperref Info: backreferencing OFF on input line 6445.
Package hyperref Info: Link coloring OFF on input line 6450.
Package hyperref Info: Link coloring with OCG OFF on input line 6455.
Package hyperref Info: PDF/A mode OFF on input line 6460.
LaTeX Info: Redefining \ref on input line 6500.
LaTeX Info: Redefining \pageref on input line 6504.

(/usr/local/texlive/2020/texmf-dist/tex/generic/atbegshi/atbegshi.sty
Package: atbegshi 2019/12/05 v1.19 At begin shipout hook (HO)
)
\Hy@abspage=\count339
\c@Item=\count340
\c@Hfootnote=\count341
)
Package hyperref Info: Driver (autodetected): hpdftex.

(/usr/local/texlive/2020/texmf-dist/tex/latex/hyperref/hpdftex.def
File: hpdftex.def 2020/01/14 v7.00d Hyperref driver for pdfTeX

(/usr/local/texlive/2020/texmf-dist/tex/latex/atveryend/atveryend.sty
Package: atveryend 2019-12-11 v1.11 Hooks at the very end of document (HO)
)
\Fld@listcount=\count342
\c@bookmark@seq@number=\count343

(/usr/local/texlive/2020/texmf-dist/tex/latex/rerunfilecheck/rerunfilecheck.sty
Package: rerunfilecheck 2019/12/05 v1.9 Rerun checks for auxiliary files (HO)

(/usr/local/texlive/2020/texmf-dist/tex/generic/uniquecounter/uniquecounter.sty
Package: uniquecounter 2019/12/15 v1.4 Provide unlimited unique counter (HO)
)
Package uniquecounter Info: New unique counter `rerunfilecheck' on input line 2
86.
)
\Hy@SectionHShift=\skip110
)
Package hyperref Info: Option `colorlinks' set `true' on input line 60.
 (./CSCI5561_hw2.aux)
\openout1 = `CSCI5561_hw2.aux'.

LaTeX Font Info:    Checking defaults for OML/ntxmi/m/it on input line 69.
LaTeX Font Info:    Trying to load font information for OML+ntxmi on input line
 69.

(/usr/local/texlive/2020/texmf-dist/tex/latex/newtx/omlntxmi.fd
File: omlntxmi.fd 2015/08/25 Fontinst v1.933 font definitions for OML/ntxmi.
)
LaTeX Font Info:    ... okay on input line 69.
LaTeX Font Info:    Checking defaults for OMS/cmsy/m/n on input line 69.
LaTeX Font Info:    ... okay on input line 69.
LaTeX Font Info:    Checking defaults for OT1/cmr/m/n on input line 69.
LaTeX Font Info:    ... okay on input line 69.
LaTeX Font Info:    Checking defaults for T1/cmr/m/n on input line 69.
LaTeX Font Info:    ... okay on input line 69.
LaTeX Font Info:    Checking defaults for TS1/cmr/m/n on input line 69.
LaTeX Font Info:    ... okay on input line 69.
LaTeX Font Info:    Checking defaults for OMX/cmex/m/n on input line 69.
LaTeX Font Info:    ... okay on input line 69.
LaTeX Font Info:    Checking defaults for U/ntxexa/m/n on input line 69.
LaTeX Font Info:    Trying to load font information for U+ntxexa on input line 
69.

(/usr/local/texlive/2020/texmf-dist/tex/latex/newtx/untxexa.fd
File: untxexa.fd 2012/04/16 Fontinst v1.933 font definitions for U/ntxexa.
)
LaTeX Font Info:    ... okay on input line 69.
LaTeX Font Info:    Checking defaults for LMS/ntxsy/m/n on input line 69.
LaTeX Font Info:    Trying to load font information for LMS+ntxsy on input line
 69.

(/usr/local/texlive/2020/texmf-dist/tex/latex/newtx/lmsntxsy.fd
File: lmsntxsy.fd 2016/07/02 Fontinst v1.933 font definitions for LMS/ntxsy.
)
LaTeX Font Info:    ... okay on input line 69.
LaTeX Font Info:    Checking defaults for LMX/ntxexx/m/n on input line 69.
LaTeX Font Info:    Trying to load font information for LMX+ntxexx on input lin
e 69.

(/usr/local/texlive/2020/texmf-dist/tex/latex/newtx/lmxntxexx.fd
File: lmxntxexx.fd 2016/07/03 Fontinst v1.933 font definitions for LMX/ntxexx.
)
LaTeX Font Info:    ... okay on input line 69.
LaTeX Font Info:    Checking defaults for PD1/pdf/m/n on input line 69.
LaTeX Font Info:    ... okay on input line 69.
LaTeX Font Info:    Trying to load font information for T1+aer on input line 69
.

(/usr/local/texlive/2020/texmf-dist/tex/latex/ae/t1aer.fd
File: t1aer.fd 1997/11/16 Font definitions for T1/aer.
)
Package scrbase Info: activating english \contentsname on input line 69.
Package scrbase Info: activating english \listfigurename on input line 69.
Package scrbase Info: activating english \listtablename on input line 69.

(/usr/local/texlive/2020/texmf-dist/tex/context/base/mkii/supp-pdf.mkii
[Loading MPS to PDF converter (version 2006.09.02).]
\scratchcounter=\count344
\scratchdimen=\dimen258
\scratchbox=\box68
\nofMPsegments=\count345
\nofMParguments=\count346
\everyMPshowfont=\toks38
\MPscratchCnt=\count347
\MPscratchDim=\dimen259
\MPnumerator=\count348
\makeMPintoPDFobject=\count349
\everyMPtoPDFconversion=\toks39
)
Package caption Info: Begin \AtBeginDocument code.
Package caption Info: float package is loaded.
Package caption Info: hyperref package is loaded.
Package caption Info: listings package is loaded.
Package caption Info: supertabular package is loaded.
Package caption Info: threeparttable package is loaded.
Package caption Info: End \AtBeginDocument code.

*geometry* driver: auto-detecting
*geometry* detected driver: pdftex
*geometry* verbose mode - [ preamble ] result:
* driver: pdftex
* paper: <default>
* layout: <same size as paper>
* layoutoffset:(h,v)=(0.0pt,0.0pt)
* modes: 
* h-part:(L,W,R)=(57.81621pt, 481.87552pt, 57.81621pt)
* v-part:(T,H,B)=(72.26999pt, 736.64195pt, 36.135pt)
* \paperwidth=597.50793pt
* \paperheight=845.04694pt
* \textwidth=481.87552pt
* \textheight=736.64195pt
* \oddsidemargin=-14.45378pt
* \evensidemargin=-14.45378pt
* \topmargin=-37.40001pt
* \headheight=17.0pt
* \headsep=20.40001pt
* \topskip=11.0pt
* \footskip=47.6pt
* \marginparwidth=59.7508pt
* \marginparsep=12.8401pt
* \columnsep=10.0pt
* \skip\footins=10.0pt plus 4.0pt minus 2.0pt
* \hoffset=0.0pt
* \voffset=0.0pt
* \mag=1000
* \@twocolumnfalse
* \@twosidefalse
* \@mparswitchfalse
* \@reversemarginfalse
* (1in=72.27pt=25.4mm, 1cm=28.453pt)

\c@lstlisting=\count350
\AtBeginShipoutBox=\box69
Package hyperref Info: Link coloring ON on input line 69.
(/usr/local/texlive/2020/texmf-dist/tex/latex/hyperref/nameref.sty
Package: nameref 2019/09/16 v2.46 Cross-referencing by name of section

(/usr/local/texlive/2020/texmf-dist/tex/latex/refcount/refcount.sty
Package: refcount 2019/12/15 v3.6 Data extraction from label references (HO)
)
(/usr/local/texlive/2020/texmf-dist/tex/generic/gettitlestring/gettitlestring.s
ty
Package: gettitlestring 2019/12/15 v1.6 Cleanup title references (HO)
)
\c@section@level=\count351
)
LaTeX Info: Redefining \ref on input line 69.
LaTeX Info: Redefining \pageref on input line 69.
LaTeX Info: Redefining \nameref on input line 69.
 (./CSCI5561_hw2.out) (./CSCI5561_hw2.out)
\@outlinefile=\write4
\openout4 = `CSCI5561_hw2.out'.

Class scrartcl Info: loading recommended package `bookmark'.
(scrartcl)           Using `bookmark' together with `hyperref' is recommended,
(scrartcl)           because of handling of possible bookmark level gaps.
(scrartcl)           You can avoid loading `bookmark' with KOMA-Script option
(scrartcl)           `bookmarkpackage=false' before \begin{document} and
(scrartcl)           you can avoid this message adding:
(scrartcl)             \usepackage{bookmark}
(scrartcl)           before \begin{document} on input line 69.

(/usr/local/texlive/2020/texmf-dist/tex/latex/bookmark/bookmark.sty
Package: bookmark 2019/12/03 v1.28 PDF bookmarks (HO)

(/usr/local/texlive/2020/texmf-dist/tex/latex/bookmark/bkm-pdftex.def
File: bkm-pdftex.def 2019/12/03 v1.28 bookmark driver for pdfTeX (HO)
Package auxhook Info: \AddLineBeginMainAux comes a little late,
(auxhook)             because the main .aux file is already opened on input lin
e 168.
\BKM@id=\count352
))
LaTeX Font Info:    Trying to load font information for T1+aess on input line 7
6.

(/usr/local/texlive/2020/texmf-dist/tex/latex/ae/t1aess.fd
File: t1aess.fd 1997/11/16 Font definitions for T1/aess.
)
LaTeX Font Info:    Font shape `T1/aess/b/n' in size <10.95> not available
(Font)              Font shape `T1/aess/bx/n' tried instead on input line 76.
LaTeX Font Info:    Font shape `T1/aess/b/n' in size <20.74> not available
(Font)              Font shape `T1/aess/bx/n' tried instead on input line 76.
 [1


{/usr/local/texlive/2020/texmf-var/fonts/map/pdftex/updmap/pdftex.map}]
LaTeX Font Info:    Trying to load font information for T1+aett on input line 7
9.

(/usr/local/texlive/2020/texmf-dist/tex/latex/ae/t1aett.fd
File: t1aett.fd 1997/11/16 Font definitions for T1/aett.
)
<Figures/Hyun_Soo_target1.jpg, id=12, 1446.40375pt x 815.045pt>
File: Figures/Hyun_Soo_target1.jpg Graphic file (type jpg)
<use Figures/Hyun_Soo_target1.jpg>
Package pdftex.def Info: Figures/Hyun_Soo_target1.jpg  used on input line 85.
(pdftex.def)             Requested size: 151.46857pt x 85.35217pt.
<Figures/sift_keypoints_target1.jpg, id=13, 1446.40375pt x 815.045pt>
File: Figures/sift_keypoints_target1.jpg Graphic file (type jpg)
<use Figures/sift_keypoints_target1.jpg>
Package pdftex.def Info: Figures/sift_keypoints_target1.jpg  used on input line
 86.
(pdftex.def)             Requested size: 151.46857pt x 85.35217pt.
LaTeX Font Info:    Trying to load font information for U+msa on input line 91.


(/usr/local/texlive/2020/texmf-dist/tex/latex/amsfonts/umsa.fd
File: umsa.fd 2013/01/14 v3.01 AMS symbols A
)
LaTeX Font Info:    Trying to load font information for U+msb on input line 91.


(/usr/local/texlive/2020/texmf-dist/tex/latex/amsfonts/umsb.fd
File: umsb.fd 2013/01/14 v3.01 AMS symbols B
)
LaTeX Font Info:    Trying to load font information for U+ntxmia on input line 
91.

(/usr/local/texlive/2020/texmf-dist/tex/latex/newtx/untxmia.fd
File: untxmia.fd 2018/04/14 Fontinst v1.933 font definitions for U/ntxmia.
)
LaTeX Font Info:    Trying to load font information for U+ntxsym on input line 
91.

(/usr/local/texlive/2020/texmf-dist/tex/latex/newtx/untxsym.fd
File: untxsym.fd 2015/03/20 Fontinst v1.933 font definitions for U/ntxsym.
)
LaTeX Font Info:    Trying to load font information for U+ntxsyc on input line 
91.

(/usr/local/texlive/2020/texmf-dist/tex/latex/newtx/untxsyc.fd
File: untxsyc.fd 2012/04/12 Fontinst v1.933 font definitions for U/ntxsyc.
)
LaTeX Font Info:    Trying to load font information for U+rsfs on input line 91
.

(/usr/local/texlive/2020/texmf-dist/tex/latex/jknapltx/ursfs.fd
File: ursfs.fd 1998/03/24 rsfs font definition file (jk)
)
<Figures/Hyun_Soo_template.jpg, id=14, 74.56834pt x 115.4277pt>
File: Figures/Hyun_Soo_template.jpg Graphic file (type jpg)
<use Figures/Hyun_Soo_template.jpg>
Package pdftex.def Info: Figures/Hyun_Soo_template.jpg  used on input line 97.
(pdftex.def)             Requested size: 55.14555pt x 85.36232pt.
File: Figures/Hyun_Soo_target1.jpg Graphic file (type jpg)
<use Figures/Hyun_Soo_target1.jpg>
Package pdftex.def Info: Figures/Hyun_Soo_target1.jpg  used on input line 98.
(pdftex.def)             Requested size: 151.46857pt x 85.35217pt.
<Figures/sift_match_target1.png, id=15, 499.8675pt x 207.77625pt>
File: Figures/sift_match_target1.png Graphic file (type png)
<use Figures/sift_match_target1.png>
Package pdftex.def Info: Figures/sift_match_target1.png  used on input line 99.

(pdftex.def)             Requested size: 205.35124pt x 85.35683pt.
<Figures/initial_boundary_target1.png, id=17, 498.86375pt x 281.05pt>
File: Figures/initial_boundary_target1.png Graphic file (type png)
<use Figures/initial_boundary_target1.png>
Package pdftex.def Info: Figures/initial_boundary_target1.png  used on input li
ne 115.
(pdftex.def)             Requested size: 151.51pt x 85.35774pt.
File: Figures/Hyun_Soo_template.jpg Graphic file (type jpg)
<use Figures/Hyun_Soo_template.jpg>
Package pdftex.def Info: Figures/Hyun_Soo_template.jpg  used on input line 116.

(pdftex.def)             Requested size: 55.14555pt x 85.36232pt.
<Figures/initial_warped_target1.png, id=18, 240.9pt x 371.3875pt>
File: Figures/initial_warped_target1.png Graphic file (type png)
<use Figures/initial_warped_target1.png>
Package pdftex.def Info: Figures/initial_warped_target1.png  used on input line
 117.
(pdftex.def)             Requested size: 55.36539pt x 85.35498pt.

Underfull \hbox (badness 10000) in paragraph at lines 117--117
[][]|\T1/aer/m/it/8 (3c) Warped
 []

<Figures/initial_error_target1.png, id=19, 241.90375pt x 373.395pt>
File: Figures/initial_error_target1.png Graphic file (type png)
<use Figures/initial_error_target1.png>
Package pdftex.def Info: Figures/initial_error_target1.png  used on input line 
118.
(pdftex.def)             Requested size: 55.2971pt x 85.35486pt.

Underfull \hbox (badness 10000) in paragraph at lines 118--118
[][]|\T1/aer/m/it/8 (3d) Er-ror
 []

[2 <./Figures/Hyun_Soo_target1.jpg> <./Figures/sift_keypoints_target1.jpg> <./F
igures/Hyun_Soo_template.jpg> <./Figures/sift_match_target1.png> <./Figures/ini
tial_boundary_target1.png> <./Figures/initial_warped_target1.png> <./Figures/in
itial_error_target1.png>]
File: Figures/Hyun_Soo_template.jpg Graphic file (type jpg)
<use Figures/Hyun_Soo_template.jpg>
Package pdftex.def Info: Figures/Hyun_Soo_template.jpg  used on input line 132.

(pdftex.def)             Requested size: 55.14555pt x 85.36232pt.
File: Figures/initial_boundary_target1.png Graphic file (type png)
<use Figures/initial_boundary_target1.png>
Package pdftex.def Info: Figures/initial_boundary_target1.png  used on input li
ne 133.
(pdftex.def)             Requested size: 151.51pt x 85.35774pt.
<Figures/aligned_target1.png, id=42, 499.8675pt x 282.05376pt>
File: Figures/aligned_target1.png Graphic file (type png)
<use Figures/aligned_target1.png>
Package pdftex.def Info: Figures/aligned_target1.png  used on input line 134.
(pdftex.def)             Requested size: 151.2733pt x 85.35703pt.
<Figures/ICIA_target1.png, id=43, 498.86375pt x 392.46625pt>
File: Figures/ICIA_target1.png Graphic file (type png)
<use Figures/ICIA_target1.png>
Package pdftex.def Info: Figures/ICIA_target1.png  used on input line 135.
(pdftex.def)             Requested size: 144.65916pt x 113.8063pt.
<Figures/ICIA_errors_target1.png, id=44, 574.145pt x 414.54875pt>
File: Figures/ICIA_errors_target1.png Graphic file (type png)
<use Figures/ICIA_errors_target1.png>
Package pdftex.def Info: Figures/ICIA_errors_target1.png  used on input line 13
6.
(pdftex.def)             Requested size: 118.21736pt x 85.35625pt.
<Figures/template_for_target2.png, id=45, 241.90375pt x 372.39125pt>
File: Figures/template_for_target2.png Graphic file (type png)
<use Figures/template_for_target2.png>
Package pdftex.def Info: Figures/template_for_target2.png  used on input line 1
47.
(pdftex.def)             Requested size: 51.74991pt x 79.6648pt.

Underfull \hbox (badness 10000) in paragraph at lines 147--147
[][]|\T1/aer/m/it/8 (5a) Tem-
 []

<Figures/initial_target2.png, id=46, 499.8675pt x 282.05376pt>
File: Figures/initial_target2.png Graphic file (type png)
<use Figures/initial_target2.png>
Package pdftex.def Info: Figures/initial_target2.png  used on input line 148.
(pdftex.def)             Requested size: 141.18994pt x 79.66742pt.
<Figures/aligned_target2.png, id=47, 499.8675pt x 282.05376pt>
File: Figures/aligned_target2.png Graphic file (type png)
<use Figures/aligned_target2.png>
Package pdftex.def Info: Figures/aligned_target2.png  used on input line 149.
(pdftex.def)             Requested size: 141.18994pt x 79.66742pt.
<Figures/ICIA_target2.png, id=48, 499.8675pt x 395.4775pt>
File: Figures/ICIA_target2.png Graphic file (type png)
<use Figures/ICIA_target2.png>
Package pdftex.def Info: Figures/ICIA_target2.png  used on input line 150.
(pdftex.def)             Requested size: 100.69632pt x 79.66737pt.
<Figures/ICIA_track.png, id=49, 500.87125pt x 354.32375pt>
File: Figures/ICIA_track.png Graphic file (type png)
<use Figures/ICIA_track.png>
Package pdftex.def Info: Figures/ICIA_track.png  used on input line 157.
(pdftex.def)             Requested size: 195.15692pt x 138.05594pt.

Overfull \hbox (0.23566pt too wide) in paragraph at lines 156--164
[]$[]$ $[]$ 
 []

(./CSCI5561_hw2.bbl
LaTeX Font Info:    Font shape `T1/aess/b/n' in size <14.4> not available
(Font)              Font shape `T1/aess/bx/n' tried instead on input line 2.
 [3 <./Figures/aligned_target1.png> <./Figures/ICIA_target1.png> <./Figures/ICI
A_errors_target1.png> <./Figures/template_for_target2.png> <./Figures/initial_t
arget2.png> <./Figures/aligned_target2.png> <./Figures/ICIA_target2.png> <./Fig
ures/ICIA_track.png>])
Package atveryend Info: Empty hook `BeforeClearDocument' on input line 186.
 [4]
Package atveryend Info: Empty hook `AfterLastShipout' on input line 186.
 (./CSCI5561_hw2.aux)
Package atveryend Info: Executing hook `AtVeryEndDocument' on input line 186.
Package atveryend Info: Executing hook `AtEndAfterFileList' on input line 186.
Package rerunfilecheck Info: File `CSCI5561_hw2.out' has not changed.
(rerunfilecheck)             Checksum: D41D8CD98F00B204E9800998ECF8427E;0.
 ) 
Here is how much of TeX's memory you used:
 19425 strings out of 480608
 314967 string characters out of 5903631
 862443 words of memory out of 5000000
 34836 multiletter control sequences out of 15000+600000
 585896 words of font info for 127 fonts, out of 8000000 for 9000
 1141 hyphenation exceptions out of 8191
 57i,11n,106p,10134b,648s stack positions out of 5000i,500n,10000p,200000b,80000s
</usr/local/texlive/2020/texmf-dist/fonts/type1/public/newtx/NewTXMI.pfb></us
r/local/texlive/2020/texmf-dist/fonts/type1/public/amsfonts/cm/cmb10.pfb></usr/
local/texlive/2020/texmf-dist/fonts/type1/public/amsfonts/cm/cmr10.pfb></usr/lo
cal/texlive/2020/texmf-dist/fonts/type1/public/amsfonts/cm/cmr12.pfb></usr/loca
l/texlive/2020/texmf-dist/fonts/type1/public/amsfonts/cm/cmr8.pfb></usr/local/t
exlive/2020/texmf-dist/fonts/type1/public/amsfonts/cm/cmssbx10.pfb></usr/local/
texlive/2020/texmf-dist/fonts/type1/public/amsfonts/cm/cmti10.pfb></usr/local/t
exlive/2020/texmf-dist/fonts/type1/public/amsfonts/cm/cmti8.pfb></usr/local/tex
live/2020/texmf-dist/fonts/type1/public/amsfonts/cm/cmtt10.pfb></usr/local/texl
ive/2020/texmf-dist/fonts/type1/public/newtx/txmiaX.pfb></usr/local/texlive/202
0/texmf-dist/fonts/type1/public/newtx/txsys.pfb>
Output written on CSCI5561_hw2.pdf (4 pages, 1905427 bytes).
PDF statistics:
 113 PDF objects out of 1000 (max. 8388607)
 68 compressed objects within 1 object stream
 18 named destinations out of 1000 (max. 500000)
 76 words of extra memory for PDF output out of 10000 (max. 10000000)

